2016-03-12 12:03:47 :: SQLSTATE[42000]: Syntax error or access violation: 1064 You have an error in your SQL syntax; check the manual that corresponds to your MySQL server version for the right syntax to use near 'and pagado = 0 order by
                orden,id asc limit 1' at line 2: 353
2016-03-12 12:03:21 :: SQLSTATE[42000]: Syntax error or access violation: 1064 You have an error in your SQL syntax; check the manual that corresponds to your MySQL server version for the right syntax to use near 'and pagado = 0 order by
                orden,id asc limit 1' at line 2: 353
2016-03-12 12:03:14 :: SQLSTATE[42000]: Syntax error or access violation: 1064 You have an error in your SQL syntax; check the manual that corresponds to your MySQL server version for the right syntax to use near 'and pagado = 0 order by
                orden,id asc limit 1' at line 2: 353
2016-03-12 12:03:15 :: SQLSTATE[42000]: Syntax error or access violation: 1064 You have an error in your SQL syntax; check the manual that corresponds to your MySQL server version for the right syntax to use near 'and pagado = 0 order by
                orden,id asc limit 1' at line 2: 353
2016-03-26 12:03:50 :: SQLSTATE[42S22]: Column not found: 1054 Unknown column 'convenio_modal' in 'where clause': 353
2016-03-26 12:03:47 :: SQLSTATE[42S22]: Column not found: 1054 Unknown column 'convenio_modal' in 'where clause': 353
2016-03-26 01:03:04 :: SQLSTATE[42000]: Syntax error or access violation: 1064 You have an error in your SQL syntax; check the manual that corresponds to your MySQL server version for the right syntax to use near '' at line 2: 353
2016-03-26 01:03:14 :: SQLSTATE[42000]: Syntax error or access violation: 1064 You have an error in your SQL syntax; check the manual that corresponds to your MySQL server version for the right syntax to use near '' at line 2: 353
2016-03-26 01:03:59 :: SQLSTATE[HY093]: Invalid parameter number: number of bound variables does not match number of tokens: 721
2016-03-26 01:03:32 :: SQLSTATE[HY093]: Invalid parameter number: number of bound variables does not match number of tokens: 721
2016-03-26 02:03:18 :: SQLSTATE[42000]: Syntax error or access violation: 1064 You have an error in your SQL syntax; check the manual that corresponds to your MySQL server version for the right syntax to use near 'and pagado = 0 order by
                orden,id asc limit 1' at line 2: 353
2016-03-26 02:03:20 :: SQLSTATE[42000]: Syntax error or access violation: 1064 You have an error in your SQL syntax; check the manual that corresponds to your MySQL server version for the right syntax to use near 'and pagado = 0 order by
                orden,id asc limit 1' at line 2: 353
2016-08-25 06:08:40 :: SQLSTATE[HY093]: Invalid parameter number: no parameters were bound: 775
2016-08-25 06:08:54 :: SQLSTATE[HY093]: Invalid parameter number: no parameters were bound: 775
2016-08-25 06:08:57 :: SQLSTATE[HY093]: Invalid parameter number: no parameters were bound: 775
2016-08-25 06:08:46 :: SQLSTATE[42000]: Syntax error or access violation: 1064 You have an error in your SQL syntax; check the manual that corresponds to your MySQL server version for the right syntax to use near 'and recorrida.id_caso = casos.id' at line 5: 353
2016-08-25 06:08:20 :: SQLSTATE[42000]: Syntax error or access violation: 1064 You have an error in your SQL syntax; check the manual that corresponds to your MySQL server version for the right syntax to use near 'and recorrida.id_caso = casos.id' at line 5: 353
2016-08-25 06:08:13 :: SQLSTATE[42000]: Syntax error or access violation: 1064 You have an error in your SQL syntax; check the manual that corresponds to your MySQL server version for the right syntax to use near 'and recorrida.id_caso = casos.id' at line 5: 353
2016-08-25 06:08:39 :: SQLSTATE[23000]: Integrity constraint violation: 1052 Column 'id' in field list is ambiguous: 353
2016-08-25 06:08:31 :: SQLSTATE[23000]: Integrity constraint violation: 1052 Column 'id' in field list is ambiguous: 353
2016-08-25 06:08:09 :: SQLSTATE[23000]: Integrity constraint violation: 1052 Column 'id' in field list is ambiguous: 353
2016-08-25 06:08:56 :: SQLSTATE[23000]: Integrity constraint violation: 1052 Column 'id' in field list is ambiguous: 353
2016-08-26 06:08:39 :: SQLSTATE[HY093]: Invalid parameter number: no parameters were bound: 775
2016-08-26 06:08:42 :: SQLSTATE[HY093]: Invalid parameter number: no parameters were bound: 775
2016-08-26 06:08:51 :: SQLSTATE[HY093]: Invalid parameter number: no parameters were bound: 775
2016-08-26 06:08:55 :: SQLSTATE[HY093]: Invalid parameter number: no parameters were bound: 775
2016-08-26 06:08:34 :: SQLSTATE[HY093]: Invalid parameter number: no parameters were bound: 775
2016-08-26 06:08:00 :: SQLSTATE[HY093]: Invalid parameter number: no parameters were bound: 775
2016-08-26 06:08:13 :: SQLSTATE[HY093]: Invalid parameter number: no parameters were bound: 775
2017-03-29 01:03:29 :: SQLSTATE[42000]: Syntax error or access violation: 1064 You have an error in your SQL syntax; check the manual that corresponds to your MySQL server version for the right syntax to use near 'order by id desc' at line 4: 353
2017-03-29 01:03:43 :: SQLSTATE[42000]: Syntax error or access violation: 1064 You have an error in your SQL syntax; check the manual that corresponds to your MySQL server version for the right syntax to use near 'select id_liquidacion
                from items_liquidaciones
               ' at line 3: 353
2017-03-29 01:03:29 :: SQLSTATE[42000]: Syntax error or access violation: 1064 You have an error in your SQL syntax; check the manual that corresponds to your MySQL server version for the right syntax to use near 'select id_liquidacion
                from items_liquidaciones
               ' at line 3: 353
2017-03-29 01:03:38 :: SQLSTATE[42000]: Syntax error or access violation: 1064 You have an error in your SQL syntax; check the manual that corresponds to your MySQL server version for the right syntax to use near 'select id_liquidacion
                from items_liquidaciones
               ' at line 3: 353
2017-03-29 01:03:57 :: SQLSTATE[42000]: Syntax error or access violation: 1064 You have an error in your SQL syntax; check the manual that corresponds to your MySQL server version for the right syntax to use near 'select id_liquidacion
                from items_liquidaciones
               ' at line 3: 353
2017-03-29 05:03:34 :: SQLSTATE[42S22]: Column not found: 1054 Unknown column 'fecha_exibicion' in 'field list': 541
